May-12 12:37:01.440 [main] DEBUG nextflow.cli.Launcher - $> nextflow run main.nf --help
May-12 12:37:01.700 [main] DEBUG nextflow.cli.CmdRun - N E X T F L O W  ~  version 25.04.8
May-12 12:37:01.872 [main] DEBUG nextflow.plugin.PluginsFacade - Setting up plugin manager > mode=prod; embedded=false; plugins-dir=/home/pmaragno/.nextflow/plugins; core-plugins: nf-amazon@2.15.0-patch2,nf-azure@1.16.0-patch1,nf-cloudcache@0.4.3,nf-codecommit@0.2.3,nf-console@1.2.1,nf-google@1.21.1,nf-k8s@1.0.1,nf-tower@1.11.4-patch2,nf-wave@1.12.1
May-12 12:37:01.951 [main] INFO  o.pf4j.DefaultPluginStatusProvider - Enabled plugins: []
May-12 12:37:01.952 [main] INFO  o.pf4j.DefaultPluginStatusProvider - Disabled plugins: []
May-12 12:37:01.955 [main] INFO  org.pf4j.DefaultPluginManager - PF4J version 3.12.0 in 'deployment' mode
May-12 12:37:01.997 [main] INFO  org.pf4j.AbstractPluginManager - No plugins
May-12 12:37:02.020 [main] DEBUG nextflow.config.ConfigBuilder - Found config local: /rg/ivd-meinel/pmaragno/nf_pipelines/nf-Whole_Metagenome_Shotgun_Sequencing_two_db/nextflow.config
May-12 12:37:02.024 [main] DEBUG nextflow.config.ConfigBuilder - Parsing config file: /rg/ivd-meinel/pmaragno/nf_pipelines/nf-Whole_Metagenome_Shotgun_Sequencing_two_db/nextflow.config
May-12 12:37:02.251 [main] DEBUG n.secret.LocalSecretsProvider - Secrets store: /home/pmaragno/.nextflow/secrets/store.json
May-12 12:37:02.256 [main] DEBUG nextflow.secret.SecretsLoader - Discovered secrets providers: [nextflow.secret.LocalSecretsProvider@1e63d216] - activable => nextflow.secret.LocalSecretsProvider@1e63d216
May-12 12:37:02.268 [main] DEBUG nextflow.config.ConfigBuilder - Applying config profile: `standard`
May-12 12:37:03.373 [main] DEBUG nextflow.cli.CmdRun - Applied DSL=2 from script declaration
May-12 12:37:03.473 [main] DEBUG nextflow.cli.CmdRun - Launching `main.nf` [determined_lagrange] DSL2 - revision: d5df8a0fcc
May-12 12:37:03.475 [main] DEBUG nextflow.plugin.PluginsFacade - Plugins default=[]
May-12 12:37:03.476 [main] DEBUG nextflow.plugin.PluginsFacade - Plugins resolved requirement=[nf-tower@1.11.4-patch2]
May-12 12:37:03.478 [main] DEBUG nextflow.plugin.PluginUpdater - Installing plugin nf-tower version: 1.11.4-patch2
May-12 12:37:03.499 [main] INFO  org.pf4j.AbstractPluginManager - Plugin 'nf-tower@1.11.4-patch2' resolved
May-12 12:37:03.500 [main] INFO  org.pf4j.AbstractPluginManager - Start plugin 'nf-tower@1.11.4-patch2'
May-12 12:37:03.633 [main] DEBUG nextflow.plugin.BasePlugin - Plugin started nf-tower@1.11.4-patch2
May-12 12:37:03.737 [main] DEBUG nextflow.Session - Session UUID: 3f56bc97-fdd7-4e31-bf1a-0d8344cc6567
May-12 12:37:03.738 [main] DEBUG nextflow.Session - Run name: determined_lagrange
May-12 12:37:03.738 [main] DEBUG nextflow.Session - Executor pool size: 256
May-12 12:37:03.747 [main] DEBUG nextflow.file.FilePorter - File porter settings maxRetries=3; maxTransfers=50; pollTimeout=null
May-12 12:37:03.754 [main] DEBUG nextflow.util.ThreadPoolBuilder - Creating thread pool 'FileTransfer' minSize=10; maxSize=768; workQueue=LinkedBlockingQueue[-1]; allowCoreThreadTimeout=false
May-12 12:37:03.760 [main] DEBUG nextflow.config.ConfigBuilder - Found config local: /rg/ivd-meinel/pmaragno/nf_pipelines/nf-Whole_Metagenome_Shotgun_Sequencing_two_db/nextflow.config
May-12 12:37:03.761 [main] DEBUG nextflow.config.ConfigBuilder - Parsing config file: /rg/ivd-meinel/pmaragno/nf_pipelines/nf-Whole_Metagenome_Shotgun_Sequencing_two_db/nextflow.config
May-12 12:37:03.764 [main] DEBUG nextflow.config.ConfigBuilder - Applying config profile: `standard`
May-12 12:37:04.121 [main] DEBUG nextflow.cli.CmdRun - 
  Version: 25.04.8 build 5956
  Created: 06-10-2025 21:19 UTC (23:19 CEST)
  System: Linux 6.1.0-42-amd64
  Runtime: Groovy 4.0.26 on OpenJDK 64-Bit Server VM 21.0.6+9-b895.97
  Encoding: UTF-8 (UTF-8)
  Process: 1143371@mu15ns11011 [127.0.1.1]
  CPUs: 256 - Mem: 1.5 TB (364.1 GB) - Swap: 976 MB (20 KB)
May-12 12:37:04.265 [main] DEBUG nextflow.Session - Work-dir: /rg/ivd-meinel/pmaragno/nf_pipelines/nf-Whole_Metagenome_Shotgun_Sequencing_two_db/work [zfs]
May-12 12:37:04.265 [main] DEBUG nextflow.Session - Script base path does not exist or is not a directory: /rg/ivd-meinel/pmaragno/nf_pipelines/nf-Whole_Metagenome_Shotgun_Sequencing_two_db/bin
May-12 12:37:04.281 [main] DEBUG nextflow.executor.ExecutorFactory - Extension executors providers=[]
May-12 12:37:04.293 [main] DEBUG nextflow.Session - Observer factory: DefaultObserverFactory
May-12 12:37:04.296 [main] DEBUG nextflow.Session - Observer factory: TowerFactory
May-12 12:37:05.358 [main] DEBUG nextflow.Session - Observer factory (v2): LinObserverFactory
May-12 12:37:05.381 [main] DEBUG nextflow.cache.CacheFactory - Using Nextflow cache factory: nextflow.cache.DefaultCacheFactory
May-12 12:37:05.419 [main] DEBUG nextflow.util.CustomThreadPool - Creating default thread pool > poolSize: 257; maxThreads: 1000
May-12 12:37:05.777 [main] DEBUG nextflow.Session - Session start
May-12 12:37:05.784 [main] DEBUG io.seqera.tower.plugin.TowerClient - Creating Seqera Platform observer -- endpoint=https://api.cloud.seqera.io; requestInterval=1s; aliveInterval=1m; maxRetries=5; backOffBase=3; backOffDelay=250
May-12 12:37:06.735 [main] DEBUG nextflow.script.ScriptRunner - > Launching execution
May-12 12:37:07.991 [main] INFO  nextflow.Nextflow - 

    WHOLE METAGENOME SHOTGUN SEQUENCING ANALYSIS
    The pipeline is designed for the analysis of Whole Metagenome Shotgun data from Illumina sequencing 

    For samples CSV, three columns named "sample", "fastq1" and "fastq2" are required. 

    All the parameters must be specified in the nextflow.config configuration file. Then, you can run the pipeline 
    with the following command:

    nextflow run main.nf -c nextflow.config -profile <desired profile> --input samples.csv 

    Command line arguments:
    
    -profile			Configuration profile to use. Available: docker, singularity, apptainer, conda
    -bg				To run the pipeline in background
    -resume			To resume the previous execution of the pipeline

    The following parameters must be specified in nextflow.config file or directly in nextflow command line (in this 
    second case the value specified in nextflow.config will be overwritten):
    --input_reads		Path to the comma-separated sample file
    --outdir			Path to a folder where to store results 
    --merged_paired_fastq	Specification whether the input fastq file has been obtained by the merging of 
				forward and reverse reads
    --genome_fasta		Path to the genome fasta file 
    --genome_index		Path to the folder containing the index of the genome (default: false, in this case 
				the indexing of the genome will be done by the pipeline)
    --idx_genome		Name to use for the the index of the genome
    --metaphlan_db		Path to the folder containing Metaphlan database (default: false, in this case the 
				database will be downloaded by the pipeline)
    --metaphlan_db_for_humann	Path to the folder containing Metaphlan database to use if Metaphlan is run into 
				Humann (default: false, in this case the database will be downloaded by the pipeline)
    --metaphlan_db_index	Desired version for metaphlan database
    --skip_humann		Whether to skip functional analysis 
    --humann_nucleotide_db	Path to the folder containing Humann nucleotide database (default: false, in this case 
				the database will be downloaded by the pipeline)
    --humann_protein_db		Path to the folder containing Humann protein database (default: false, in this case 
				the database will be downloaded by the pipeline)
    --gene_families_db		Specification of the version of Uniref database for gene family definitions 
				(default: "uniref90")
    --regroup_option		Specification of the functional category in which regrouping gene families
				(default: "uniref90_ko")
    --rename_option		Specification of the feature type in which rename gene families 
				(default: "kegg-orthology")
    --save_reference		Choose whether saving or not the downloaded reference databases (default: true)

    
