[33mNextflow 25.10.4 is available - Please consider updating your version to it(B[m
N E X T F L O W  ~  version 24.10.1
Launching `main.nf` [evil_einstein] DSL2 - revision: 46fb7d22d5

WHOLE METAGENOME SHOTGUN SEQUENCING ANALYSIS
The pipeline is designed for the analysis of Whole Metagenome Shotgun data from Illumina sequencing
================================================================
input_reads : /rg/ivd-meinel/rmeyer/projects_data/shotgun_data/Fastq_file/samples.csv
outdir      : /rg/ivd-meinel/pmaragno/projects_data/nf_pipeline_skip_humann


    Parameters set for the pipeline
    =========================================================
    Path to the genome fasta file: /rg/ivd-meinel/pmaragno/references_for_shotgun/Mus_musculus.GRCm39.dna.primary_assembly.fa.gz 
    Specification whether the input fastq file has been obtained by the merging of forward and reverse reads: false
    Path to the folder containing the index of the genome: /rg/ivd-meinel/pmaragno/references_for_shotgun/references/mouse_genome_index
    Name to use for the the index of the genome: Mus_musculus.GRCm39
    Path to the folder containing Metaphlan database: false
    Path to the folder containing Metaphlan database (if Metaphlan is run inside Humann): false
    Desired version for Metaphlan database: mpa_vJan25_CHOCOPhlAnSGB_202503
    Desired version for Metaphlan database (if Metaphlan is run inside Humann): mpa_vJun23_CHOCOPhlAnSGB_202403
    Whether to skip functional analysis: true   
    Path to the folder containing Humann nucleotide database: /rg/ivd-meinel/pmaragno/references_for_shotgun/references/humann_db/chocophlan
    Path to the folder containing Humann protein database: /rg/ivd-meinel/pmaragno/references_for_shotgun/references/humann_db/uniref
    Specification of the version of Uniref database for gene family definitions: uniref90
    Specification of the functional category in which regrouping gene families:	uniref90_ko
    Specification of the feature type in which rename gene families: kegg-orthology
    Choose whether saving or not the genome index and/or the downloaded reference databases: true
    Version of Nextflow pipeline: 1.0.0

Monitor the execution with Seqera Platform using this URL: https://cloud.seqera.io/user/paola-maragno98/watch/3fem1CHZ47iDZH
[a7/c9e6bb] Submitted process > write_log
[fa/3ba275] Submitted process > METAPHLAN_INSTALL
[19/911518] Submitted process > FASTQC_RAW_READS (Fastqc on raw reads of 23_S21)
[dc/d3d2d6] Submitted process > FASTQC_RAW_READS (Fastqc on raw reads of 16_S4)
[86/b5ab81] Submitted process > COPY_GENOME_INDEX
[b4/86fad6] Submitted process > FASTQC_RAW_READS (Fastqc on raw reads of 20_S17)
[2b/bcd1a3] Submitted process > FASTQC_RAW_READS (Fastqc on raw reads of 22_S11)
[92/e524ad] Submitted process > FASTQC_RAW_READS (Fastqc on raw reads of 19_S25)
[53/ce3e09] Submitted process > FASTQC_RAW_READS (Fastqc on raw reads of 21_S19)
[5b/170971] Submitted process > FASTQC_RAW_READS (Fastqc on raw reads of 17_S23)
ERROR ~ Error executing process > 'FASTQC_RAW_READS (Fastqc on raw reads of 17_S23)'

Caused by:
  Process `FASTQC_RAW_READS (Fastqc on raw reads of 17_S23)` terminated with an error exit status (134)


Command executed:

  fastqc -t 3 17_S23_R1_001.fastq.gz 17_S23_R2_001.fastq.gz
  
  cat <<-END_VERSIONS > versions_fastqc.yml
         "FASTQC_RAW_READS": 
             fastqc: $(echo $(fastqc --version) | sed 's/^.*fastqc //; s/Using.*$//')
  END_VERSIONS

Command exit status:
  134

Command output:
  #
  # A fatal error has been detected by the Java Runtime Environment:
  #
  #  SIGBUS (0x7) at pc=0x00007fb91dbe345e, pid=70, tid=125
  #
  # JRE version:  (17.0.3) (build )
  # Java VM: OpenJDK 64-Bit Server VM (17.0.3-internal+0-adhoc..src, mixed mode, sharing, tiered, compressed oops, compressed class ptrs, g1 gc, linux-amd64)
  # Problematic frame:
  # V  [libjvm.so+0xbe445e]  PerfMemory::alloc(unsigned long)+0x5e
  #
  # No core dump will be written. Core dumps have been disabled. To enable core dumping, try "ulimit -c unlimited" before starting Java again
  #
  # An error report file with more information is saved as:
  # hs_err_pid70.log
  #
  #

Command error:
  .command.sh: line 2:    70 Aborted                 fastqc -t 3 17_S23_R1_001.fastq.gz 17_S23_R2_001.fastq.gz

Work dir:
  /rg/ivd-meinel/pmaragno/nf_pipelines/nf-Whole_Metagenome_Shotgun_Sequencing_two_db/work/5b/170971315f54fc3aaf07283634db6e

Container:
  /rg/ivd-meinel/pmaragno/nf_pipelines/nf-Whole_Metagenome_Shotgun_Sequencing_two_db/apptainer_containers/quay.io-biocontainers-fastqc-0.12.1--hdfd78af_0.img

Tip: when you have fixed the problem you can continue the execution adding the option `-resume` to the run command line

 -- Check '.nextflow.log' file for details
Execution cancelled -- Finishing pending tasks before exit
WARN: Killing running tasks (1)
